<?xml version="1.0" encoding="UTF-8"?>
<!-- Generated by org.testng.reporters.JUnitReportReporter -->
<testsuite hostname="Charan" failures="0" tests="1" name="organisationtest.OrganisationTest" time="25.287" errors="0" timestamp="2024-02-01T18:08:28 IST" skipped="0">
  <testcase classname="organisationtest.OrganisationTest" name="OrganisationTest" time="25.287">
    <system-out>
      <![CDATA[testcase is pass]]>
    </system-out>
  </testcase> <!-- OrganisationTest -->
  <system-out>
    <![CDATA[testcase is pass]]>
  </system-out>
</testsuite> <!-- organisationtest.OrganisationTest -->
