<?xml version="1.0" encoding="UTF-8"?>
<!-- Generated by org.testng.reporters.JUnitReportReporter -->
<testsuite hostname="Charan" failures="0" tests="1" name="TYDocumentTest.DocumentTest" time="22.816" errors="0" timestamp="2024-02-05T10:25:28 IST" skipped="0">
  <testcase classname="TYDocumentTest.DocumentTest" name="MoreTest" time="22.816"/>
</testsuite> <!-- TYDocumentTest.DocumentTest -->
