<?xml version="1.0" encoding="UTF-8"?>
<!-- Generated by org.testng.reporters.JUnitReportReporter -->
<testsuite hostname="Charan" failures="0" tests="3" name="TestNG.Script1" time="0.031" errors="0" timestamp="2024-02-26T12:37:46 IST" skipped="0">
  <testcase classname="TestNG.Script1" name="deleteTest" time="0.023"/>
  <system-out/>
  <testcase classname="TestNG.Script1" name="createTest" time="0.004"/>
  <system-out/>
  <testcase classname="TestNG.Script1" name="editTest" time="0.004"/>
  <system-out/>
</testsuite> <!-- TestNG.Script1 -->
