<?xml version="1.0" encoding="UTF-8"?>
<!-- Generated by org.testng.reporters.JUnitReportReporter -->
<testsuite hostname="Charan" failures="0" tests="1" name="TYmoreTest.MoreTest" time="34.827" errors="0" timestamp="2024-02-05T09:48:53 IST" skipped="0">
  <testcase classname="TYmoreTest.MoreTest" name="MoreTest" time="34.827">
    <system-out>
      <![CDATA[testcase is pass
testcase is pass]]>
    </system-out>
  </testcase> <!-- MoreTest -->
  <system-out>
    <![CDATA[testcase is pass
testcase is pass]]>
  </system-out>
</testsuite> <!-- TYmoreTest.MoreTest -->
